<?xml version="1.0" encoding="UTF-8"?>
<testng-results ignored="0" total="1" passed="1" failed="0" skipped="0">
  <reporter-output>
  </reporter-output>
  <suite started-at="2023-10-31T17:45:23 IST" name="Default suite" finished-at="2023-10-31T17:45:28 IST" duration-ms="4541">
    <groups>
    </groups>
    <test started-at="2023-10-31T17:45:23 IST" name="Default test" finished-at="2023-10-31T17:45:28 IST" duration-ms="4541">
      <class name="stepDefinitions.PropertiesDemo">
        <test-method is-config="true" signature="getBrowser()[pri:0, instance:stepDefinitions.PropertiesDemo@397fbdb]" started-at="2023-10-31T17:45:23 IST" name="getBrowser" finished-at="2023-10-31T17:45:27 IST" duration-ms="4481" status="PASS">
          <reporter-output>
          </reporter-output>
        </test-method> <!-- getBrowser -->
        <test-method signature="titleGet()[pri:0, instance:stepDefinitions.PropertiesDemo@397fbdb]" started-at="2023-10-31T17:45:28 IST" name="titleGet" finished-at="2023-10-31T17:45:28 IST" duration-ms="17" status="PASS">
          <reporter-output>
          </reporter-output>
        </test-method> <!-- titleGet -->
      </class> <!-- stepDefinitions.PropertiesDemo -->
    </test> <!-- Default test -->
  </suite> <!-- Default suite -->
</testng-results>
